2017.02.27_11:56:17: Initializing...
2017.02.27_11:56:17: Start parsing catalog url...
2017.02.27_11:56:17: parsing finished
2017.02.27_11:56:17: entering collector...
2017.02.27_11:56:19: entered
2017.02.27_11:56:19: Adding new Socrata job...
2017.02.27_11:56:24: Socrata job for entity 7edu-s3u7 is added
2017.02.27_11:56:24: parsing dataset...
2017.02.27_11:56:27: parsing columns...
2017.02.27_11:56:41: parsing time...
2017.02.27_11:56:41: parsing series...
2017.02.27_11:56:42: parsing commands & meta-commands...
2017.02.27_11:56:42: writing in file...
2017.02.27_11:56:42: finished!
2017.02.27_11:56:42: Adding new Socrata job...
2017.02.27_11:56:46: Socrata job for entity ijzp-q8t2 is added
2017.02.27_11:56:46: parsing dataset...
2017.02.27_11:56:49: parsing columns...
2017.02.27_11:57:10: parsing time...
2017.02.27_11:57:10: parsing series...
2017.02.27_11:57:11: parsing commands & meta-commands...
2017.02.27_11:57:11: writing in file...
2017.02.27_11:57:11: finished!
2017.02.27_11:57:11: Adding new Socrata job...
2017.02.27_11:57:17: Socrata job for entity uupf-x98q is added
2017.02.27_11:57:17: parsing dataset...
2017.02.27_11:57:21: parsing columns...
2017.02.27_11:57:52: parsing time...
2017.02.27_11:57:52: parsing series...
2017.02.27_11:57:52: parsing commands & meta-commands...
2017.02.27_11:57:53: writing in file...
2017.02.27_11:57:53: finished!
2017.02.27_11:57:53: Adding new Socrata job...
2017.02.27_11:58:00: Socrata job for entity ydr8-5enu is added
2017.02.27_11:58:00: parsing dataset...
2017.02.27_11:58:04: parsing columns...
2017.02.27_12:00:07: parsing time...
2017.02.27_12:00:07: parsing series...
2017.02.27_12:00:07: parsing commands & meta-commands...
2017.02.27_12:00:08: writing in file...
2017.02.27_12:00:08: finished!
2017.02.27_12:00:08: Adding new Socrata job...
2017.02.27_12:00:13: Socrata job for entity rkru-6vcg is added
2017.02.27_12:00:13: parsing dataset...
2017.02.27_12:00:17: parsing columns...
